<?xml version="1.0" encoding="UTF-8"?>
<!-- Generated by org.testng.reporters.JUnitReportReporter -->
<testsuite hostname="DESKTOP-1CJKE39" failures="0" tests="2" name="meghna.mavenProject.AppiumTest" time="0.007" errors="0" timestamp="2021-10-17T22:16:15 EDT" skipped="0">
  <testcase classname="meghna.mavenProject.AppiumTest" name="androidApp" time="0.001"/>
  <system-out/>
  <testcase classname="meghna.mavenProject.AppiumTest" name="IOSApp" time="0.006"/>
  <system-out/>
</testsuite> <!-- meghna.mavenProject.AppiumTest -->
