<?xml version="1.0" encoding="UTF-8"?>
<!-- Generated by org.testng.reporters.JUnitReportReporter -->
<testsuite hostname="DESKTOP-1CJKE39" failures="0" tests="2" name="meghna.mavenProject.SeleniumTest" time="0.001" errors="0" timestamp="2021-10-02T15:17:51 EDT" skipped="0">
  <testcase classname="meghna.mavenProject.SeleniumTest" name="uiElements" time="0.000"/>
  <system-out/>
  <testcase classname="meghna.mavenProject.SeleniumTest" name="browserTesting" time="0.001"/>
  <system-out/>
</testsuite> <!-- meghna.mavenProject.SeleniumTest -->
