<?xml version="1.0" encoding="UTF-8"?>
<!-- Generated by org.testng.reporters.JUnitReportReporter -->
<testsuite hostname="DESKTOP-1CJKE39" failures="0" tests="2" name="meghna.mavenProject.Appium" time="0.005" errors="0" timestamp="2021-10-01T17:15:21 EDT" skipped="0">
  <testcase classname="meghna.mavenProject.Appium" name="IOSApp" time="0.004"/>
  <system-out/>
  <testcase classname="meghna.mavenProject.Appium" name="androidApp" time="0.001"/>
  <system-out/>
</testsuite> <!-- meghna.mavenProject.Appium -->
