<?xml version="1.0" encoding="UTF-8"?>
<!-- Generated by org.testng.reporters.JUnitReportReporter -->
<testsuite hostname="DESKTOP-1CJKE39" failures="0" tests="2" name="meghna.mavenProject.RestAPITest" time="0.006" errors="0" timestamp="02 Oct. 2021 19:20:26 GMT" skipped="0">
  <testcase classname="meghna.mavenProject.RestAPITest" name="deleteTwitter" time="0.005"/>
  <testcase classname="meghna.mavenProject.RestAPITest" name="postJira" time="0.001"/>
</testsuite> <!-- meghna.mavenProject.RestAPITest -->
