<?xml version="1.0" encoding="UTF-8"?>
<!-- Generated by org.testng.reporters.JUnitReportReporter -->
<testsuite hostname="DESKTOP-1CJKE39" failures="0" tests="2" name="meghna.mavenProject.AppiumTest" time="0.005" errors="0" timestamp="02 Oct. 2021 19:19:24 GMT" skipped="0">
  <testcase classname="meghna.mavenProject.AppiumTest" name="androidApp" time="0.001"/>
  <testcase classname="meghna.mavenProject.AppiumTest" name="IOSApp" time="0.004"/>
</testsuite> <!-- meghna.mavenProject.AppiumTest -->
