<?xml version="1.0" encoding="UTF-8"?>
<!-- Generated by org.testng.reporters.JUnitReportReporter -->
<testsuite hostname="DESKTOP-1CJKE39" failures="0" tests="2" name="meghna.mavenProject.SeleniumTest" time="0.000" errors="0" timestamp="02 Oct. 2021 19:20:26 GMT" skipped="0">
  <testcase classname="meghna.mavenProject.SeleniumTest" name="uiElements" time="0.000"/>
  <testcase classname="meghna.mavenProject.SeleniumTest" name="browserTesting" time="0.000"/>
</testsuite> <!-- meghna.mavenProject.SeleniumTest -->
